#
# There is insufficient memory for the Java Runtime Environment to continue.
# Native memory allocation (malloc) failed to allocate 978576 bytes. Error detail: Chunk::new
# Possible reasons:
#   The system is out of physical RAM or swap space
#   This process is running with CompressedOops enabled, and the Java Heap may be blocking the growth of the native heap
# Possible solutions:
#   Reduce memory load on the system
#   Increase physical memory or swap space
#   Check if swap backing store is full
#   Decrease Java heap size (-Xmx/-Xms)
#   Decrease number of Java threads
#   Decrease Java thread stack sizes (-Xss)
#   Set larger code cache with -XX:ReservedCodeCacheSize=
#   JVM is running with Zero Based Compressed Oops mode in which the Java heap is
#     placed in the first 32GB address space. The Java Heap base address is the
#     maximum limit for the native heap growth. Please use -XX:HeapBaseMinAddress
#     to set the Java Heap base and to place the Java Heap above 32GB virtual address.
# This output file may be truncated or incomplete.
#
#  Out of Memory Error (arena.cpp:191), pid=3632, tid=10820
#
# JRE version: OpenJDK Runtime Environment Temurin-17.0.11+9 (17.0.11+9) (build 17.0.11+9)
# Java VM: OpenJDK 64-Bit Server VM Temurin-17.0.11+9 (17.0.11+9, mixed mode, tiered, compressed oops, compressed class ptrs, g1 gc, windows-amd64)
# No core dump will be written. Minidumps are not enabled by default on client versions of Windows
#

---------------  S U M M A R Y ------------

Command Line: -XX:+ShowCodeDetailsInExceptionMessages -Dspring.jmx.enabled=true -Dmanagement.endpoints.jmx.exposure.include=* -Dspring.application.admin.enabled=true -Dspring.boot.project.name=ByteMart -Djava.rmi.server.hostname=localhost -Dcom.sun.management.jmxremote.port=45556 -Dcom.sun.management.jmxremote.authenticate=false -Dcom.sun.management.jmxremote.ssl=false com.ByteMart.ByteMart.ByteMartApplication

Host: Intel(R) Core(TM) i7-9700 CPU @ 3.00GHz, 8 cores, 31G,  Windows 10 , 64 bit Build 19041 (10.0.19041.3636)
Time: Wed Jun 12 13:28:35 2024 Hora est. Pacífico, Sudamérica elapsed time: 0.942232 seconds (0d 0h 0m 0s)

---------------  T H R E A D  ---------------

Current thread (0x000002e6b2965440):  JavaThread "C2 CompilerThread1" daemon [_thread_in_native, id=10820, stack(0x000000ed05400000,0x000000ed05500000)]


Current CompileTask:
C2:    942 1847       4       org.springframework.boot.context.properties.source.ConfigurationPropertyName$ElementsParser::parse (234 bytes)

Stack: [0x000000ed05400000,0x000000ed05500000]
Native frames: (J=compiled Java code, j=interpreted, Vv=VM code, C=native code)
V  [jvm.dll+0x67d429]
V  [jvm.dll+0x834b7a]
V  [jvm.dll+0x83663e]
V  [jvm.dll+0x836ca3]
V  [jvm.dll+0x247dbf]
V  [jvm.dll+0xac534]
V  [jvm.dll+0xacb7c]
V  [jvm.dll+0x366647]
V  [jvm.dll+0x330bba]
V  [jvm.dll+0x33005a]
V  [jvm.dll+0x21a471]
V  [jvm.dll+0x2198b1]
V  [jvm.dll+0x1a534d]
V  [jvm.dll+0x2295cd]
V  [jvm.dll+0x22779c]
V  [jvm.dll+0x7e9d07]
V  [jvm.dll+0x7e410a]
V  [jvm.dll+0x67c315]
C  [ucrtbase.dll+0x21bb2]
C  [KERNEL32.DLL+0x17344]
C  [ntdll.dll+0x526b1]


---------------  P R O C E S S  ---------------

Threads class SMR info:
_java_thread_list=0x000002e6b7da7550, length=22, elements={
0x000002e68ad94850, 0x000002e6afd95370, 0x000002e6afd98640, 0x000002e6afd9ad30,
0x000002e6afd9b6f0, 0x000002e6afd9c0b0, 0x000002e6afd9ea80, 0x000002e6b26f48e0,
0x000002e6b26f87a0, 0x000002e6b26f9ad0, 0x000002e6b26a0940, 0x000002e6b28ee8b0,
0x000002e6b2965440, 0x000002e6b76e3010, 0x000002e6b7517cb0, 0x000002e6b75a4930,
0x000002e6b77fe250, 0x000002e6b77feab0, 0x000002e6b76f78d0, 0x000002e6b7a99dd0,
0x000002e6b7a9bc30, 0x000002e6b7a993b0
}

Java Threads: ( => current thread )
  0x000002e68ad94850 JavaThread "main" [_thread_blocked, id=14620, stack(0x000000ed04200000,0x000000ed04300000)]
  0x000002e6afd95370 JavaThread "Reference Handler" daemon [_thread_blocked, id=11636, stack(0x000000ed04900000,0x000000ed04a00000)]
  0x000002e6afd98640 JavaThread "Finalizer" daemon [_thread_blocked, id=8696, stack(0x000000ed04a00000,0x000000ed04b00000)]
  0x000002e6afd9ad30 JavaThread "Signal Dispatcher" daemon [_thread_blocked, id=17452, stack(0x000000ed04b00000,0x000000ed04c00000)]
  0x000002e6afd9b6f0 JavaThread "Attach Listener" daemon [_thread_blocked, id=19164, stack(0x000000ed04c00000,0x000000ed04d00000)]
  0x000002e6afd9c0b0 JavaThread "Service Thread" daemon [_thread_blocked, id=12272, stack(0x000000ed04d00000,0x000000ed04e00000)]
  0x000002e6afd9ea80 JavaThread "Monitor Deflation Thread" daemon [_thread_blocked, id=1668, stack(0x000000ed04e00000,0x000000ed04f00000)]
  0x000002e6b26f48e0 JavaThread "C2 CompilerThread0" daemon [_thread_blocked, id=19424, stack(0x000000ed04f00000,0x000000ed05000000)]
  0x000002e6b26f87a0 JavaThread "C1 CompilerThread0" daemon [_thread_blocked, id=15516, stack(0x000000ed05000000,0x000000ed05100000)]
  0x000002e6b26f9ad0 JavaThread "Sweeper thread" daemon [_thread_blocked, id=13020, stack(0x000000ed05100000,0x000000ed05200000)]
  0x000002e6b26a0940 JavaThread "Common-Cleaner" daemon [_thread_blocked, id=9708, stack(0x000000ed05200000,0x000000ed05300000)]
  0x000002e6b28ee8b0 JavaThread "Notification Thread" daemon [_thread_blocked, id=10416, stack(0x000000ed05300000,0x000000ed05400000)]
=>0x000002e6b2965440 JavaThread "C2 CompilerThread1" daemon [_thread_in_native, id=10820, stack(0x000000ed05400000,0x000000ed05500000)]
  0x000002e6b76e3010 JavaThread "RMI TCP Accept-0" daemon [_thread_in_native, id=18616, stack(0x000000ed05500000,0x000000ed05600000)]
  0x000002e6b7517cb0 JavaThread "RMI TCP Accept-45556" daemon [_thread_in_native, id=4140, stack(0x000000ed05600000,0x000000ed05700000)]
  0x000002e6b75a4930 JavaThread "RMI TCP Accept-0" daemon [_thread_in_native, id=10312, stack(0x000000ed05700000,0x000000ed05800000)]
  0x000002e6b77fe250 JavaThread "RMI TCP Connection(1)-127.0.0.1" daemon [_thread_in_native, id=13036, stack(0x000000ed05900000,0x000000ed05a00000)]
  0x000002e6b77feab0 JavaThread "RMI Scheduler(0)" daemon [_thread_blocked, id=3164, stack(0x000000ed05a00000,0x000000ed05b00000)]
  0x000002e6b76f78d0 JavaThread "RMI TCP Connection(2)-127.0.0.1" daemon [_thread_in_native, id=10732, stack(0x000000ed05b00000,0x000000ed05c00000)]
  0x000002e6b7a99dd0 JavaThread "JMX server connection timeout 22" daemon [_thread_blocked, id=19432, stack(0x000000ed05c00000,0x000000ed05d00000)]
  0x000002e6b7a9bc30 JavaThread "Thread-0" [_thread_blocked, id=9180, stack(0x000000ed06600000,0x000000ed06700000)]
  0x000002e6b7a993b0 JavaThread "restartedMain" [_thread_in_native, id=6096, stack(0x000000ed06700000,0x000000ed06800000)]

Other Threads:
  0x000002e6afd91a80 VMThread "VM Thread" [stack: 0x000000ed04800000,0x000000ed04900000] [id=14168]
  0x000002e68ad95810 WatcherThread [stack: 0x000000ed05800000,0x000000ed05900000] [id=3016]
  0x000002e6afbe0b00 GCTaskThread "GC Thread#0" [stack: 0x000000ed04300000,0x000000ed04400000] [id=13088]
  0x000002e6b7a7dfd0 GCTaskThread "GC Thread#1" [stack: 0x000000ed05d00000,0x000000ed05e00000] [id=17852]
  0x000002e6b7a8b820 GCTaskThread "GC Thread#2" [stack: 0x000000ed05e00000,0x000000ed05f00000] [id=5504]
  0x000002e6b7a8bae0 GCTaskThread "GC Thread#3" [stack: 0x000000ed05f00000,0x000000ed06000000] [id=10932]
  0x000002e6b7a8bda0 GCTaskThread "GC Thread#4" [stack: 0x000000ed06000000,0x000000ed06100000] [id=3040]
  0x000002e6b7a8c060 GCTaskThread "GC Thread#5" [stack: 0x000000ed06100000,0x000000ed06200000] [id=17360]
  0x000002e6b7b73870 GCTaskThread "GC Thread#6" [stack: 0x000000ed06200000,0x000000ed06300000] [id=6216]
  0x000002e6b7b73b30 GCTaskThread "GC Thread#7" [stack: 0x000000ed06300000,0x000000ed06400000] [id=7056]
  0x000002e68ae16380 ConcurrentGCThread "G1 Main Marker" [stack: 0x000000ed04400000,0x000000ed04500000] [id=10896]
  0x000002e68ae16da0 ConcurrentGCThread "G1 Conc#0" [stack: 0x000000ed04500000,0x000000ed04600000] [id=10352]
  0x000002e68ae3ec60 ConcurrentGCThread "G1 Refine#0" [stack: 0x000000ed04600000,0x000000ed04700000] [id=9320]
  0x000002e6b7b6d4e0 ConcurrentGCThread "G1 Refine#1" [stack: 0x000000ed06400000,0x000000ed06500000] [id=18656]
  0x000002e6b7ba8d50 ConcurrentGCThread "G1 Refine#2" [stack: 0x000000ed06500000,0x000000ed06600000] [id=9192]
  0x000002e6afc7b770 ConcurrentGCThread "G1 Service" [stack: 0x000000ed04700000,0x000000ed04800000] [id=16136]

Threads with active compile tasks:
C2 CompilerThread1      966 1847       4       org.springframework.boot.context.properties.source.ConfigurationPropertyName$ElementsParser::parse (234 bytes)

VM state: not at safepoint (normal execution)

VM Mutex/Monitor currently owned by a thread: None

Heap address: 0x0000000603000000, size: 8144 MB, Compressed Oops mode: Zero based, Oop shift amount: 3

CDS archive(s) not mapped
Compressed class space mapped at: 0x0000000800000000-0x0000000840000000, reserved size: 1073741824
Narrow klass base: 0x0000000800000000, Narrow klass shift: 0, Narrow klass range: 0x40000000

GC Precious Log:
 CPUs: 8 total, 8 available
 Memory: 32565M
 Large Page Support: Disabled
 NUMA Support: Disabled
 Compressed Oops: Enabled (Zero based)
 Heap Region Size: 4M
 Heap Min Capacity: 8M
 Heap Initial Capacity: 512M
 Heap Max Capacity: 8144M
 Pre-touch: Disabled
 Parallel Workers: 8
 Concurrent Workers: 2
 Concurrent Refinement Workers: 8
 Periodic GC: Disabled

Heap:
 garbage-first heap   total 524288K, used 20104K [0x0000000603000000, 0x0000000800000000)
  region size 4096K, 2 young (8192K), 1 survivors (4096K)
 Metaspace       used 19372K, committed 19648K, reserved 1114112K
  class space    used 2280K, committed 2432K, reserved 1048576K

Heap Regions: E=young(eden), S=young(survivor), O=old, HS=humongous(starts), HC=humongous(continues), CS=collection set, F=free, OA=open archive, CA=closed archive, TAMS=top-at-mark-start (previous, next)
|   0|0x0000000603000000, 0x0000000603400000, 0x0000000603400000|100%| O|  |TAMS 0x0000000603000000, 0x0000000603000000| Untracked 
|   1|0x0000000603400000, 0x00000006037ada00, 0x0000000603800000| 91%| O|  |TAMS 0x0000000603400000, 0x0000000603400000| Untracked 
|   2|0x0000000603800000, 0x0000000603800000, 0x0000000603c00000|  0%| F|  |TAMS 0x0000000603800000, 0x0000000603800000| Untracked 
|   3|0x0000000603c00000, 0x0000000603c00000, 0x0000000604000000|  0%| F|  |TAMS 0x0000000603c00000, 0x0000000603c00000| Untracked 
|   4|0x0000000604000000, 0x0000000604000000, 0x0000000604400000|  0%| F|  |TAMS 0x0000000604000000, 0x0000000604000000| Untracked 
|   5|0x0000000604400000, 0x0000000604400000, 0x0000000604800000|  0%| F|  |TAMS 0x0000000604400000, 0x0000000604400000| Untracked 
|   6|0x0000000604800000, 0x0000000604800000, 0x0000000604c00000|  0%| F|  |TAMS 0x0000000604800000, 0x0000000604800000| Untracked 
|   7|0x0000000604c00000, 0x0000000604c00000, 0x0000000605000000|  0%| F|  |TAMS 0x0000000604c00000, 0x0000000604c00000| Untracked 
|   8|0x0000000605000000, 0x0000000605000000, 0x0000000605400000|  0%| F|  |TAMS 0x0000000605000000, 0x0000000605000000| Untracked 
|   9|0x0000000605400000, 0x0000000605400000, 0x0000000605800000|  0%| F|  |TAMS 0x0000000605400000, 0x0000000605400000| Untracked 
|  10|0x0000000605800000, 0x0000000605800000, 0x0000000605c00000|  0%| F|  |TAMS 0x0000000605800000, 0x0000000605800000| Untracked 
|  11|0x0000000605c00000, 0x0000000605c00000, 0x0000000606000000|  0%| F|  |TAMS 0x0000000605c00000, 0x0000000605c00000| Untracked 
|  12|0x0000000606000000, 0x0000000606000000, 0x0000000606400000|  0%| F|  |TAMS 0x0000000606000000, 0x0000000606000000| Untracked 
|  13|0x0000000606400000, 0x0000000606400000, 0x0000000606800000|  0%| F|  |TAMS 0x0000000606400000, 0x0000000606400000| Untracked 
|  14|0x0000000606800000, 0x0000000606800000, 0x0000000606c00000|  0%| F|  |TAMS 0x0000000606800000, 0x0000000606800000| Untracked 
|  15|0x0000000606c00000, 0x0000000606c00000, 0x0000000607000000|  0%| F|  |TAMS 0x0000000606c00000, 0x0000000606c00000| Untracked 
|  16|0x0000000607000000, 0x0000000607000000, 0x0000000607400000|  0%| F|  |TAMS 0x0000000607000000, 0x0000000607000000| Untracked 
|  17|0x0000000607400000, 0x0000000607400000, 0x0000000607800000|  0%| F|  |TAMS 0x0000000607400000, 0x0000000607400000| Untracked 
|  18|0x0000000607800000, 0x0000000607800000, 0x0000000607c00000|  0%| F|  |TAMS 0x0000000607800000, 0x0000000607800000| Untracked 
|  19|0x0000000607c00000, 0x0000000607c00000, 0x0000000608000000|  0%| F|  |TAMS 0x0000000607c00000, 0x0000000607c00000| Untracked 
|  20|0x0000000608000000, 0x0000000608000000, 0x0000000608400000|  0%| F|  |TAMS 0x0000000608000000, 0x0000000608000000| Untracked 
|  21|0x0000000608400000, 0x0000000608400000, 0x0000000608800000|  0%| F|  |TAMS 0x0000000608400000, 0x0000000608400000| Untracked 
|  22|0x0000000608800000, 0x0000000608800000, 0x0000000608c00000|  0%| F|  |TAMS 0x0000000608800000, 0x0000000608800000| Untracked 
|  23|0x0000000608c00000, 0x0000000608c00000, 0x0000000609000000|  0%| F|  |TAMS 0x0000000608c00000, 0x0000000608c00000| Untracked 
|  24|0x0000000609000000, 0x0000000609000000, 0x0000000609400000|  0%| F|  |TAMS 0x0000000609000000, 0x0000000609000000| Untracked 
|  25|0x0000000609400000, 0x0000000609400000, 0x0000000609800000|  0%| F|  |TAMS 0x0000000609400000, 0x0000000609400000| Untracked 
|  26|0x0000000609800000, 0x0000000609800000, 0x0000000609c00000|  0%| F|  |TAMS 0x0000000609800000, 0x0000000609800000| Untracked 
|  27|0x0000000609c00000, 0x0000000609c00000, 0x000000060a000000|  0%| F|  |TAMS 0x0000000609c00000, 0x0000000609c00000| Untracked 
|  28|0x000000060a000000, 0x000000060a000000, 0x000000060a400000|  0%| F|  |TAMS 0x000000060a000000, 0x000000060a000000| Untracked 
|  29|0x000000060a400000, 0x000000060a400000, 0x000000060a800000|  0%| F|  |TAMS 0x000000060a400000, 0x000000060a400000| Untracked 
|  30|0x000000060a800000, 0x000000060a800000, 0x000000060ac00000|  0%| F|  |TAMS 0x000000060a800000, 0x000000060a800000| Untracked 
|  31|0x000000060ac00000, 0x000000060ac00000, 0x000000060b000000|  0%| F|  |TAMS 0x000000060ac00000, 0x000000060ac00000| Untracked 
|  32|0x000000060b000000, 0x000000060b000000, 0x000000060b400000|  0%| F|  |TAMS 0x000000060b000000, 0x000000060b000000| Untracked 
|  33|0x000000060b400000, 0x000000060b400000, 0x000000060b800000|  0%| F|  |TAMS 0x000000060b400000, 0x000000060b400000| Untracked 
|  34|0x000000060b800000, 0x000000060b800000, 0x000000060bc00000|  0%| F|  |TAMS 0x000000060b800000, 0x000000060b800000| Untracked 
|  35|0x000000060bc00000, 0x000000060bc00000, 0x000000060c000000|  0%| F|  |TAMS 0x000000060bc00000, 0x000000060bc00000| Untracked 
|  36|0x000000060c000000, 0x000000060c000000, 0x000000060c400000|  0%| F|  |TAMS 0x000000060c000000, 0x000000060c000000| Untracked 
|  37|0x000000060c400000, 0x000000060c400000, 0x000000060c800000|  0%| F|  |TAMS 0x000000060c400000, 0x000000060c400000| Untracked 
|  38|0x000000060c800000, 0x000000060c800000, 0x000000060cc00000|  0%| F|  |TAMS 0x000000060c800000, 0x000000060c800000| Untracked 
|  39|0x000000060cc00000, 0x000000060cc00000, 0x000000060d000000|  0%| F|  |TAMS 0x000000060cc00000, 0x000000060cc00000| Untracked 
|  40|0x000000060d000000, 0x000000060d000000, 0x000000060d400000|  0%| F|  |TAMS 0x000000060d000000, 0x000000060d000000| Untracked 
|  41|0x000000060d400000, 0x000000060d400000, 0x000000060d800000|  0%| F|  |TAMS 0x000000060d400000, 0x000000060d400000| Untracked 
|  42|0x000000060d800000, 0x000000060d800000, 0x000000060dc00000|  0%| F|  |TAMS 0x000000060d800000, 0x000000060d800000| Untracked 
|  43|0x000000060dc00000, 0x000000060dc00000, 0x000000060e000000|  0%| F|  |TAMS 0x000000060dc00000, 0x000000060dc00000| Untracked 
|  44|0x000000060e000000, 0x000000060e000000, 0x000000060e400000|  0%| F|  |TAMS 0x000000060e000000, 0x000000060e000000| Untracked 
|  45|0x000000060e400000, 0x000000060e400000, 0x000000060e800000|  0%| F|  |TAMS 0x000000060e400000, 0x000000060e400000| Untracked 
|  46|0x000000060e800000, 0x000000060e800000, 0x000000060ec00000|  0%| F|  |TAMS 0x000000060e800000, 0x000000060e800000| Untracked 
|  47|0x000000060ec00000, 0x000000060ec00000, 0x000000060f000000|  0%| F|  |TAMS 0x000000060ec00000, 0x000000060ec00000| Untracked 
|  48|0x000000060f000000, 0x000000060f000000, 0x000000060f400000|  0%| F|  |TAMS 0x000000060f000000, 0x000000060f000000| Untracked 
|  49|0x000000060f400000, 0x000000060f400000, 0x000000060f800000|  0%| F|  |TAMS 0x000000060f400000, 0x000000060f400000| Untracked 
|  50|0x000000060f800000, 0x000000060f800000, 0x000000060fc00000|  0%| F|  |TAMS 0x000000060f800000, 0x000000060f800000| Untracked 
|  51|0x000000060fc00000, 0x000000060fc00000, 0x0000000610000000|  0%| F|  |TAMS 0x000000060fc00000, 0x000000060fc00000| Untracked 
|  52|0x0000000610000000, 0x0000000610000000, 0x0000000610400000|  0%| F|  |TAMS 0x0000000610000000, 0x0000000610000000| Untracked 
|  53|0x0000000610400000, 0x0000000610400000, 0x0000000610800000|  0%| F|  |TAMS 0x0000000610400000, 0x0000000610400000| Untracked 
|  54|0x0000000610800000, 0x0000000610800000, 0x0000000610c00000|  0%| F|  |TAMS 0x0000000610800000, 0x0000000610800000| Untracked 
|  55|0x0000000610c00000, 0x0000000610c00000, 0x0000000611000000|  0%| F|  |TAMS 0x0000000610c00000, 0x0000000610c00000| Untracked 
|  56|0x0000000611000000, 0x0000000611000000, 0x0000000611400000|  0%| F|  |TAMS 0x0000000611000000, 0x0000000611000000| Untracked 
|  57|0x0000000611400000, 0x0000000611400000, 0x0000000611800000|  0%| F|  |TAMS 0x0000000611400000, 0x0000000611400000| Untracked 
|  58|0x0000000611800000, 0x0000000611800000, 0x0000000611c00000|  0%| F|  |TAMS 0x0000000611800000, 0x0000000611800000| Untracked 
|  59|0x0000000611c00000, 0x0000000611c00000, 0x0000000612000000|  0%| F|  |TAMS 0x0000000611c00000, 0x0000000611c00000| Untracked 
|  60|0x0000000612000000, 0x0000000612000000, 0x0000000612400000|  0%| F|  |TAMS 0x0000000612000000, 0x0000000612000000| Untracked 
|  61|0x0000000612400000, 0x0000000612400000, 0x0000000612800000|  0%| F|  |TAMS 0x0000000612400000, 0x0000000612400000| Untracked 
|  62|0x0000000612800000, 0x0000000612800000, 0x0000000612c00000|  0%| F|  |TAMS 0x0000000612800000, 0x0000000612800000| Untracked 
|  63|0x0000000612c00000, 0x0000000612c00000, 0x0000000613000000|  0%| F|  |TAMS 0x0000000612c00000, 0x0000000612c00000| Untracked 
|  64|0x0000000613000000, 0x0000000613000000, 0x0000000613400000|  0%| F|  |TAMS 0x0000000613000000, 0x0000000613000000| Untracked 
|  65|0x0000000613400000, 0x0000000613400000, 0x0000000613800000|  0%| F|  |TAMS 0x0000000613400000, 0x0000000613400000| Untracked 
|  66|0x0000000613800000, 0x0000000613800000, 0x0000000613c00000|  0%| F|  |TAMS 0x0000000613800000, 0x0000000613800000| Untracked 
|  67|0x0000000613c00000, 0x0000000613c00000, 0x0000000614000000|  0%| F|  |TAMS 0x0000000613c00000, 0x0000000613c00000| Untracked 
|  68|0x0000000614000000, 0x0000000614000000, 0x0000000614400000|  0%| F|  |TAMS 0x0000000614000000, 0x0000000614000000| Untracked 
|  69|0x0000000614400000, 0x0000000614400000, 0x0000000614800000|  0%| F|  |TAMS 0x0000000614400000, 0x0000000614400000| Untracked 
|  70|0x0000000614800000, 0x0000000614800000, 0x0000000614c00000|  0%| F|  |TAMS 0x0000000614800000, 0x0000000614800000| Untracked 
|  71|0x0000000614c00000, 0x0000000614c00000, 0x0000000615000000|  0%| F|  |TAMS 0x0000000614c00000, 0x0000000614c00000| Untracked 
|  72|0x0000000615000000, 0x0000000615000000, 0x0000000615400000|  0%| F|  |TAMS 0x0000000615000000, 0x0000000615000000| Untracked 
|  73|0x0000000615400000, 0x0000000615400000, 0x0000000615800000|  0%| F|  |TAMS 0x0000000615400000, 0x0000000615400000| Untracked 
|  74|0x0000000615800000, 0x0000000615800000, 0x0000000615c00000|  0%| F|  |TAMS 0x0000000615800000, 0x0000000615800000| Untracked 
|  75|0x0000000615c00000, 0x0000000615c00000, 0x0000000616000000|  0%| F|  |TAMS 0x0000000615c00000, 0x0000000615c00000| Untracked 
|  76|0x0000000616000000, 0x0000000616000000, 0x0000000616400000|  0%| F|  |TAMS 0x0000000616000000, 0x0000000616000000| Untracked 
|  77|0x0000000616400000, 0x0000000616400000, 0x0000000616800000|  0%| F|  |TAMS 0x0000000616400000, 0x0000000616400000| Untracked 
|  78|0x0000000616800000, 0x0000000616800000, 0x0000000616c00000|  0%| F|  |TAMS 0x0000000616800000, 0x0000000616800000| Untracked 
|  79|0x0000000616c00000, 0x0000000616c00000, 0x0000000617000000|  0%| F|  |TAMS 0x0000000616c00000, 0x0000000616c00000| Untracked 
|  80|0x0000000617000000, 0x0000000617000000, 0x0000000617400000|  0%| F|  |TAMS 0x0000000617000000, 0x0000000617000000| Untracked 
|  81|0x0000000617400000, 0x0000000617400000, 0x0000000617800000|  0%| F|  |TAMS 0x0000000617400000, 0x0000000617400000| Untracked 
|  82|0x0000000617800000, 0x0000000617800000, 0x0000000617c00000|  0%| F|  |TAMS 0x0000000617800000, 0x0000000617800000| Untracked 
|  83|0x0000000617c00000, 0x0000000617c00000, 0x0000000618000000|  0%| F|  |TAMS 0x0000000617c00000, 0x0000000617c00000| Untracked 
|  84|0x0000000618000000, 0x0000000618000000, 0x0000000618400000|  0%| F|  |TAMS 0x0000000618000000, 0x0000000618000000| Untracked 
|  85|0x0000000618400000, 0x0000000618400000, 0x0000000618800000|  0%| F|  |TAMS 0x0000000618400000, 0x0000000618400000| Untracked 
|  86|0x0000000618800000, 0x0000000618800000, 0x0000000618c00000|  0%| F|  |TAMS 0x0000000618800000, 0x0000000618800000| Untracked 
|  87|0x0000000618c00000, 0x0000000618c00000, 0x0000000619000000|  0%| F|  |TAMS 0x0000000618c00000, 0x0000000618c00000| Untracked 
|  88|0x0000000619000000, 0x0000000619000000, 0x0000000619400000|  0%| F|  |TAMS 0x0000000619000000, 0x0000000619000000| Untracked 
|  89|0x0000000619400000, 0x0000000619400000, 0x0000000619800000|  0%| F|  |TAMS 0x0000000619400000, 0x0000000619400000| Untracked 
|  90|0x0000000619800000, 0x0000000619800000, 0x0000000619c00000|  0%| F|  |TAMS 0x0000000619800000, 0x0000000619800000| Untracked 
|  91|0x0000000619c00000, 0x0000000619c00000, 0x000000061a000000|  0%| F|  |TAMS 0x0000000619c00000, 0x0000000619c00000| Untracked 
|  92|0x000000061a000000, 0x000000061a000000, 0x000000061a400000|  0%| F|  |TAMS 0x000000061a000000, 0x000000061a000000| Untracked 
|  93|0x000000061a400000, 0x000000061a400000, 0x000000061a800000|  0%| F|  |TAMS 0x000000061a400000, 0x000000061a400000| Untracked 
|  94|0x000000061a800000, 0x000000061a800000, 0x000000061ac00000|  0%| F|  |TAMS 0x000000061a800000, 0x000000061a800000| Untracked 
|  95|0x000000061ac00000, 0x000000061ac00000, 0x000000061b000000|  0%| F|  |TAMS 0x000000061ac00000, 0x000000061ac00000| Untracked 
|  96|0x000000061b000000, 0x000000061b000000, 0x000000061b400000|  0%| F|  |TAMS 0x000000061b000000, 0x000000061b000000| Untracked 
|  97|0x000000061b400000, 0x000000061b400000, 0x000000061b800000|  0%| F|  |TAMS 0x000000061b400000, 0x000000061b400000| Untracked 
|  98|0x000000061b800000, 0x000000061b800000, 0x000000061bc00000|  0%| F|  |TAMS 0x000000061b800000, 0x000000061b800000| Untracked 
|  99|0x000000061bc00000, 0x000000061bc00000, 0x000000061c000000|  0%| F|  |TAMS 0x000000061bc00000, 0x000000061bc00000| Untracked 
| 100|0x000000061c000000, 0x000000061c000000, 0x000000061c400000|  0%| F|  |TAMS 0x000000061c000000, 0x000000061c000000| Untracked 
| 101|0x000000061c400000, 0x000000061c400000, 0x000000061c800000|  0%| F|  |TAMS 0x000000061c400000, 0x000000061c400000| Untracked 
| 102|0x000000061c800000, 0x000000061c800000, 0x000000061cc00000|  0%| F|  |TAMS 0x000000061c800000, 0x000000061c800000| Untracked 
| 103|0x000000061cc00000, 0x000000061cc00000, 0x000000061d000000|  0%| F|  |TAMS 0x000000061cc00000, 0x000000061cc00000| Untracked 
| 104|0x000000061d000000, 0x000000061d000000, 0x000000061d400000|  0%| F|  |TAMS 0x000000061d000000, 0x000000061d000000| Untracked 
| 105|0x000000061d400000, 0x000000061d400000, 0x000000061d800000|  0%| F|  |TAMS 0x000000061d400000, 0x000000061d400000| Untracked 
| 106|0x000000061d800000, 0x000000061d800000, 0x000000061dc00000|  0%| F|  |TAMS 0x000000061d800000, 0x000000061d800000| Untracked 
| 107|0x000000061dc00000, 0x000000061dc00000, 0x000000061e000000|  0%| F|  |TAMS 0x000000061dc00000, 0x000000061dc00000| Untracked 
| 108|0x000000061e000000, 0x000000061e000000, 0x000000061e400000|  0%| F|  |TAMS 0x000000061e000000, 0x000000061e000000| Untracked 
| 109|0x000000061e400000, 0x000000061e400000, 0x000000061e800000|  0%| F|  |TAMS 0x000000061e400000, 0x000000061e400000| Untracked 
| 110|0x000000061e800000, 0x000000061e800000, 0x000000061ec00000|  0%| F|  |TAMS 0x000000061e800000, 0x000000061e800000| Untracked 
| 111|0x000000061ec00000, 0x000000061ec00000, 0x000000061f000000|  0%| F|  |TAMS 0x000000061ec00000, 0x000000061ec00000| Untracked 
| 112|0x000000061f000000, 0x000000061f000000, 0x000000061f400000|  0%| F|  |TAMS 0x000000061f000000, 0x000000061f000000| Untracked 
| 113|0x000000061f400000, 0x000000061f400000, 0x000000061f800000|  0%| F|  |TAMS 0x000000061f400000, 0x000000061f400000| Untracked 
| 114|0x000000061f800000, 0x000000061f800000, 0x000000061fc00000|  0%| F|  |TAMS 0x000000061f800000, 0x000000061f800000| Untracked 
| 115|0x000000061fc00000, 0x000000061fc00000, 0x0000000620000000|  0%| F|  |TAMS 0x000000061fc00000, 0x000000061fc00000| Untracked 
| 116|0x0000000620000000, 0x0000000620000000, 0x0000000620400000|  0%| F|  |TAMS 0x0000000620000000, 0x0000000620000000| Untracked 
| 117|0x0000000620400000, 0x0000000620400000, 0x0000000620800000|  0%| F|  |TAMS 0x0000000620400000, 0x0000000620400000| Untracked 
| 118|0x0000000620800000, 0x0000000620800000, 0x0000000620c00000|  0%| F|  |TAMS 0x0000000620800000, 0x0000000620800000| Untracked 
| 119|0x0000000620c00000, 0x0000000620c00000, 0x0000000621000000|  0%| F|  |TAMS 0x0000000620c00000, 0x0000000620c00000| Untracked 
| 120|0x0000000621000000, 0x0000000621000000, 0x0000000621400000|  0%| F|  |TAMS 0x0000000621000000, 0x0000000621000000| Untracked 
| 121|0x0000000621400000, 0x0000000621400000, 0x0000000621800000|  0%| F|  |TAMS 0x0000000621400000, 0x0000000621400000| Untracked 
| 122|0x0000000621800000, 0x000000062198d470, 0x0000000621c00000| 38%| S|CS|TAMS 0x0000000621800000, 0x0000000621800000| Complete 
| 123|0x0000000621c00000, 0x0000000621c00000, 0x0000000622000000|  0%| F|  |TAMS 0x0000000621c00000, 0x0000000621c00000| Untracked 
| 124|0x0000000622000000, 0x0000000622000000, 0x0000000622400000|  0%| F|  |TAMS 0x0000000622000000, 0x0000000622000000| Untracked 
| 125|0x0000000622400000, 0x0000000622400000, 0x0000000622800000|  0%| F|  |TAMS 0x0000000622400000, 0x0000000622400000| Untracked 
| 126|0x0000000622800000, 0x0000000622800000, 0x0000000622c00000|  0%| F|  |TAMS 0x0000000622800000, 0x0000000622800000| Untracked 
| 127|0x0000000622c00000, 0x0000000622c9b548, 0x0000000623000000| 15%| E|  |TAMS 0x0000000622c00000, 0x0000000622c00000| Complete 

Card table byte_map: [0x000002e69dd40000,0x000002e69ed30000] _byte_map_base: 0x000002e69ad28000

Marking Bits (Prev, Next): (CMBitMap*) 0x000002e68ae05bd0, (CMBitMap*) 0x000002e68ae05c10
 Prev Bits: [0x000002e69fd20000, 0x000002e6a7c60000)
 Next Bits: [0x000002e6a7c60000, 0x000002e6afba0000)

Polling page: 0x000002e688cf0000

Metaspace:

Usage:
  Non-class:     16.70 MB used.
      Class:      2.23 MB used.
       Both:     18.93 MB used.

Virtual space:
  Non-class space:       64.00 MB reserved,      16.81 MB ( 26%) committed,  1 nodes.
      Class space:        1.00 GB reserved,       2.38 MB ( <1%) committed,  1 nodes.
             Both:        1.06 GB reserved,      19.19 MB (  2%) committed. 

Chunk freelists:
   Non-Class:  14.69 MB
       Class:  13.59 MB
        Both:  28.29 MB

MaxMetaspaceSize: unlimited
CompressedClassSpaceSize: 1.00 GB
Initial GC threshold: 21.00 MB
Current GC threshold: 21.00 MB
CDS: off
MetaspaceReclaimPolicy: balanced
 - commit_granule_bytes: 65536.
 - commit_granule_words: 8192.
 - virtual_space_node_default_size: 8388608.
 - enlarge_chunks_in_place: 1.
 - new_chunks_are_fully_committed: 0.
 - uncommit_free_chunks: 1.
 - use_allocation_guard: 0.
 - handle_deallocations: 1.


Internal statistics:

num_allocs_failed_limit: 0.
num_arena_births: 296.
num_arena_deaths: 0.
num_vsnodes_births: 2.
num_vsnodes_deaths: 0.
num_space_committed: 307.
num_space_uncommitted: 0.
num_chunks_returned_to_freelist: 0.
num_chunks_taken_from_freelist: 630.
num_chunk_merges: 0.
num_chunk_splits: 372.
num_chunks_enlarged: 225.
num_inconsistent_stats: 0.

CodeHeap 'non-profiled nmethods': size=120000Kb used=715Kb max_used=715Kb free=119284Kb
 bounds [0x000002e6954f0000, 0x000002e695760000, 0x000002e69ca20000]
CodeHeap 'profiled nmethods': size=120000Kb used=3750Kb max_used=3750Kb free=116249Kb
 bounds [0x000002e68da20000, 0x000002e68ddd0000, 0x000002e694f50000]
CodeHeap 'non-nmethods': size=5760Kb used=1181Kb max_used=1215Kb free=4578Kb
 bounds [0x000002e694f50000, 0x000002e6951c0000, 0x000002e6954f0000]
 total_blobs=2483 nmethods=2010 adapters=385
 compilation: enabled
              stopped_count=0, restarted_count=0
 full_count=0

Compilation events (20 events):
Event: 0.920 Thread 0x000002e6b26f87a0 nmethod 1923 0x000002e68dd9fe90 code [0x000002e68dda0040, 0x000002e68dda0538]
Event: 0.921 Thread 0x000002e6b26f87a0 1922       1       org.springframework.boot.context.properties.source.DefaultPropertyMapper$LastMapping::getMapping (5 bytes)
Event: 0.921 Thread 0x000002e6b26f87a0 nmethod 1922 0x000002e69559b510 code [0x000002e69559b6a0, 0x000002e69559b778]
Event: 0.921 Thread 0x000002e6b26f87a0 1924       3       java.util.ArrayDeque::<init> (35 bytes)
Event: 0.921 Thread 0x000002e6b26f87a0 nmethod 1924 0x000002e68dda0610 code [0x000002e68dda07c0, 0x000002e68dda0b38]
Event: 0.921 Thread 0x000002e6b26f87a0 1925       3       java.util.concurrent.CopyOnWriteArrayList::size (6 bytes)
Event: 0.921 Thread 0x000002e6b26f87a0 nmethod 1925 0x000002e68dda0c10 code [0x000002e68dda0da0, 0x000002e68dda0ed8]
Event: 0.922 Thread 0x000002e6b26f87a0 1926       3       java.lang.invoke.LambdaFormEditor::bindArgumentType (101 bytes)
Event: 0.922 Thread 0x000002e6b26f87a0 nmethod 1926 0x000002e68dda0f90 code [0x000002e68dda1140, 0x000002e68dda1368]
Event: 0.922 Thread 0x000002e6b26f87a0 1927       3       java.lang.invoke.LambdaFormEditor::bindArgumentForm (269 bytes)
Event: 0.923 Thread 0x000002e6b26f87a0 nmethod 1927 0x000002e68dda1490 code [0x000002e68dda1840, 0x000002e68dda3168]
Event: 0.923 Thread 0x000002e6b26f87a0 1928       3       java.lang.invoke.LambdaFormEditor$TransformKey::of (49 bytes)
Event: 0.924 Thread 0x000002e6b26f87a0 nmethod 1928 0x000002e68dda3c10 code [0x000002e68dda3e00, 0x000002e68dda4458]
Event: 0.925 Thread 0x000002e6b26f48e0 nmethod 1917 0x000002e69559b810 code [0x000002e69559b9a0, 0x000002e69559bc38]
Event: 0.925 Thread 0x000002e6b26f48e0 1914       4       java.util.HashMap::get (19 bytes)
Event: 0.928 Thread 0x000002e6b26f48e0 nmethod 1914 0x000002e69559be10 code [0x000002e69559bfa0, 0x000002e69559c298]
Event: 0.928 Thread 0x000002e6b26f48e0 1908       4       java.util.concurrent.ConcurrentHashMap::putIfAbsent (8 bytes)
Event: 0.928 Thread 0x000002e6b26f87a0 1929       3       org.springframework.boot.context.properties.source.SpringIterableConfigurationPropertySource::getPropertySource (5 bytes)
Event: 0.928 Thread 0x000002e6b26f87a0 nmethod 1929 0x000002e68dda4690 code [0x000002e68dda4840, 0x000002e68dda4ad8]
Event: 0.928 Thread 0x000002e6b26f48e0 nmethod 1908 0x000002e69559c490 code [0x000002e69559c620, 0x000002e69559c6c8]

GC Heap History (2 events):
Event: 0.636 GC heap before
{Heap before GC invocations=0 (full 0):
 garbage-first heap   total 524288K, used 24576K [0x0000000603000000, 0x0000000800000000)
  region size 4096K, 6 young (24576K), 0 survivors (0K)
 Metaspace       used 15370K, committed 15616K, reserved 1114112K
  class space    used 1726K, committed 1856K, reserved 1048576K
}
Event: 0.640 GC heap after
{Heap after GC invocations=1 (full 0):
 garbage-first heap   total 524288K, used 7816K [0x0000000603000000, 0x0000000800000000)
  region size 4096K, 1 young (4096K), 1 survivors (4096K)
 Metaspace       used 15370K, committed 15616K, reserved 1114112K
  class space    used 1726K, committed 1856K, reserved 1048576K
}

Dll operation events (8 events):
Event: 0.008 Loaded shared library C:\Users\SENA\.vscode\extensions\redhat.java-1.31.0-win32-x64\jre\17.0.11-win32-x86_64\bin\java.dll
Event: 0.136 Loaded shared library C:\Users\SENA\.vscode\extensions\redhat.java-1.31.0-win32-x64\jre\17.0.11-win32-x86_64\bin\jimage.dll
Event: 0.147 Loaded shared library C:\Users\SENA\.vscode\extensions\redhat.java-1.31.0-win32-x64\jre\17.0.11-win32-x86_64\bin\net.dll
Event: 0.148 Loaded shared library C:\Users\SENA\.vscode\extensions\redhat.java-1.31.0-win32-x64\jre\17.0.11-win32-x86_64\bin\nio.dll
Event: 0.151 Loaded shared library C:\Users\SENA\.vscode\extensions\redhat.java-1.31.0-win32-x64\jre\17.0.11-win32-x86_64\bin\zip.dll
Event: 0.204 Loaded shared library C:\Users\SENA\.vscode\extensions\redhat.java-1.31.0-win32-x64\jre\17.0.11-win32-x86_64\bin\management.dll
Event: 0.216 Loaded shared library C:\Users\SENA\.vscode\extensions\redhat.java-1.31.0-win32-x64\jre\17.0.11-win32-x86_64\bin\management_ext.dll
Event: 0.384 Loaded shared library C:\Users\SENA\.vscode\extensions\redhat.java-1.31.0-win32-x64\jre\17.0.11-win32-x86_64\bin\extnet.dll

Deoptimization events (20 events):
Event: 0.774 Thread 0x000002e6b7a993b0 Uncommon trap: trap_request=0xffffffde fr.pc=0x000002e695587040 relative=0x0000000000000120
Event: 0.774 Thread 0x000002e6b7a993b0 Uncommon trap: reason=class_check action=maybe_recompile pc=0x000002e695587040 method=jdk.internal.misc.Unsafe.allocateUninitializedArray(Ljava/lang/Class;I)Ljava/lang/Object; @ 51 c2
Event: 0.774 Thread 0x000002e6b7a993b0 DEOPT PACKING pc=0x000002e695587040 sp=0x000000ed067fdbe0
Event: 0.774 Thread 0x000002e6b7a993b0 DEOPT UNPACKING pc=0x000002e694fa69a3 sp=0x000000ed067fdb68 mode 2
Event: 0.774 Thread 0x000002e6b7a993b0 Uncommon trap: trap_request=0xffffffde fr.pc=0x000002e695587040 relative=0x0000000000000120
Event: 0.774 Thread 0x000002e6b7a993b0 Uncommon trap: reason=class_check action=maybe_recompile pc=0x000002e695587040 method=jdk.internal.misc.Unsafe.allocateUninitializedArray(Ljava/lang/Class;I)Ljava/lang/Object; @ 51 c2
Event: 0.774 Thread 0x000002e6b7a993b0 DEOPT PACKING pc=0x000002e695587040 sp=0x000000ed067fd940
Event: 0.774 Thread 0x000002e6b7a993b0 DEOPT UNPACKING pc=0x000002e694fa69a3 sp=0x000000ed067fd8c8 mode 2
Event: 0.774 Thread 0x000002e6b7a993b0 Uncommon trap: trap_request=0xffffffde fr.pc=0x000002e695587040 relative=0x0000000000000120
Event: 0.774 Thread 0x000002e6b7a993b0 Uncommon trap: reason=class_check action=maybe_recompile pc=0x000002e695587040 method=jdk.internal.misc.Unsafe.allocateUninitializedArray(Ljava/lang/Class;I)Ljava/lang/Object; @ 51 c2
Event: 0.774 Thread 0x000002e6b7a993b0 DEOPT PACKING pc=0x000002e695587040 sp=0x000000ed067fd940
Event: 0.774 Thread 0x000002e6b7a993b0 DEOPT UNPACKING pc=0x000002e694fa69a3 sp=0x000000ed067fd8c8 mode 2
Event: 0.860 Thread 0x000002e6b7a993b0 Uncommon trap: trap_request=0xffffffbe fr.pc=0x000002e695575a88 relative=0x00000000000023a8
Event: 0.860 Thread 0x000002e6b7a993b0 Uncommon trap: reason=profile_predicate action=maybe_recompile pc=0x000002e695575a88 method=java.util.TreeMap.put(Ljava/lang/Object;Ljava/lang/Object;Z)Ljava/lang/Object; @ 27 c2
Event: 0.861 Thread 0x000002e6b7a993b0 DEOPT PACKING pc=0x000002e695575a88 sp=0x000000ed067fc440
Event: 0.861 Thread 0x000002e6b7a993b0 DEOPT UNPACKING pc=0x000002e694fa69a3 sp=0x000000ed067fc400 mode 2
Event: 0.861 Thread 0x000002e6b7a993b0 Uncommon trap: trap_request=0xffffffbe fr.pc=0x000002e695575a88 relative=0x00000000000023a8
Event: 0.861 Thread 0x000002e6b7a993b0 Uncommon trap: reason=profile_predicate action=maybe_recompile pc=0x000002e695575a88 method=java.util.TreeMap.put(Ljava/lang/Object;Ljava/lang/Object;Z)Ljava/lang/Object; @ 27 c2
Event: 0.861 Thread 0x000002e6b7a993b0 DEOPT PACKING pc=0x000002e695575a88 sp=0x000000ed067fc440
Event: 0.861 Thread 0x000002e6b7a993b0 DEOPT UNPACKING pc=0x000002e694fa69a3 sp=0x000000ed067fc400 mode 2

Classes unloaded (0 events):
No events

Classes redefined (0 events):
No events

Internal exceptions (20 events):
Event: 0.709 Thread 0x000002e6b7a993b0 Exception <a 'java/lang/NoSuchMethodError'{0x0000000622aeaba8}: 'int java.lang.invoke.DirectMethodHandle$Holder.invokeStaticInit(java.lang.Object, java.lang.Object, java.lang.Object)'> (0x0000000622aeaba8) 
thrown [s\src\hotspot\share\interpreter\linkResolver.cpp, line 759]
Event: 0.716 Thread 0x000002e6b7a993b0 Exception <a 'java/lang/NoSuchMethodError'{0x0000000622b3fb20}: 'java.lang.Object java.lang.invoke.DirectMethodHandle$Holder.newInvokeSpecial(java.lang.Object, java.lang.Object, java.lang.Object, java.lang.Object, java.lang.Object)'> (0x0000000622b3fb20) 
thrown [s\src\hotspot\share\interpreter\linkResolver.cpp, line 759]
Event: 0.721 Thread 0x000002e6b7a993b0 Exception <a 'java/lang/NoSuchMethodError'{0x0000000622b86948}: 'java.lang.Object java.lang.invoke.DirectMethodHandle$Holder.invokeStaticInit(java.lang.Object, java.lang.Object, java.lang.Object)'> (0x0000000622b86948) 
thrown [s\src\hotspot\share\interpreter\linkResolver.cpp, line 759]
Event: 0.730 Thread 0x000002e6b7a993b0 Exception <a 'java/lang/IncompatibleClassChangeError'{0x0000000622bf8548}: Found class java.lang.Object, but interface was expected> (0x0000000622bf8548) 
thrown [s\src\hotspot\share\interpreter\linkResolver.cpp, line 826]
Event: 0.743 Thread 0x000002e6b7a993b0 Exception <a 'sun/nio/fs/WindowsException'{0x000000062246b020}> (0x000000062246b020) 
thrown [s\src\hotspot\share\prims\jni.cpp, line 516]
Event: 0.833 Thread 0x000002e6b7a993b0 Exception <a 'java/lang/NoSuchMethodError'{0x000000062212f928}: 'java.lang.Object java.lang.invoke.DirectMethodHandle$Holder.newInvokeSpecial(java.lang.Object, java.lang.Object, java.lang.Object, java.lang.Object, java.lang.Object, java.lang.Object, java.lang.Object)'> (0x000000062212f928) 
thrown [s\src\hotspot\share\interpreter\linkResolver.cpp, line 759]
Event: 0.833 Thread 0x000002e6b7a993b0 Exception <a 'java/lang/NoSuchMethodError'{0x0000000622134238}: 'java.lang.Object java.lang.invoke.Invokers$Holder.linkToTargetMethod(java.lang.Object, java.lang.Object, java.lang.Object, java.lang.Object, java.lang.Object, java.lang.Object, java.lang.Object)'> (0x0000000622134238) 
thrown [s\src\hotspot\share\interpreter\linkResolver.cpp, line 759]
Event: 0.835 Thread 0x000002e6b7a993b0 Exception <a 'java/lang/NoSuchMethodError'{0x0000000622150258}: 'void java.lang.invoke.DirectMethodHandle$Holder.invokeStaticInit(java.lang.Object, java.lang.Object)'> (0x0000000622150258) 
thrown [s\src\hotspot\share\interpreter\linkResolver.cpp, line 759]
Event: 0.839 Thread 0x000002e6b7a993b0 Exception <a 'java/lang/NoSuchMethodError'{0x0000000622196a50}: 'int java.lang.invoke.DirectMethodHandle$Holder.invokeStatic(java.lang.Object, java.lang.Object, java.lang.Object, java.lang.Object)'> (0x0000000622196a50) 
thrown [s\src\hotspot\share\interpreter\linkResolver.cpp, line 759]
Event: 0.839 Thread 0x000002e6b7a993b0 Exception <a 'java/lang/NoSuchMethodError'{0x000000062219a3d0}: 'java.lang.Object java.lang.invoke.Invokers$Holder.invokeExact_MT(java.lang.Object, java.lang.Object, java.lang.Object, java.lang.Object, java.lang.Object, java.lang.Object)'> (0x000000062219a3d0) 
thrown [s\src\hotspot\share\interpreter\linkResolver.cpp, line 759]
Event: 0.845 Thread 0x000002e6b7a993b0 Exception <a 'java/lang/NoSuchMethodError'{0x00000006221effc8}: 'java.lang.Object java.lang.invoke.DirectMethodHandle$Holder.invokeSpecial(java.lang.Object, java.lang.Object, java.lang.Object, java.lang.Object, java.lang.Object, java.lang.Object, int)'> (0x00000006221effc8) 
thrown [s\src\hotspot\share\interpreter\linkResolver.cpp, line 759]
Event: 0.846 Thread 0x000002e6b7a993b0 Exception <a 'java/lang/NoSuchMethodError'{0x00000006221fa798}: 'java.lang.Object java.lang.invoke.DirectMethodHandle$Holder.newInvokeSpecial(java.lang.Object, java.lang.Object, java.lang.Object, java.lang.Object, java.lang.Object, java.lang.Object, int)'> (0x00000006221fa798) 
thrown [s\src\hotspot\share\interpreter\linkResolver.cpp, line 759]
Event: 0.846 Thread 0x000002e6b7a993b0 Exception <a 'java/lang/NoSuchMethodError'{0x00000006221ff7d8}: 'java.lang.Object java.lang.invoke.DirectMethodHandle$Holder.invokeSpecial(java.lang.Object, java.lang.Object, java.lang.Object, java.lang.Object, java.lang.Object, java.lang.Object, java.lang.Object, int)'> (0x00000006221ff7d8) 
thrown [s\src\hotspot\share\interpreter\linkResolver.cpp, line 759]
Event: 0.868 Thread 0x000002e6b7a993b0 Exception <a 'java/lang/NoSuchMethodError'{0x00000006223516d0}: 'void java.lang.invoke.DirectMethodHandle$Holder.invokeSpecial(java.lang.Object, java.lang.Object, java.lang.Object, java.lang.Object, java.lang.Object)'> (0x00000006223516d0) 
thrown [s\src\hotspot\share\interpreter\linkResolver.cpp, line 759]
Event: 0.886 Thread 0x000002e6b7a993b0 Exception <a 'java/lang/NoSuchMethodError'{0x0000000621c2d440}: 'java.lang.Object java.lang.invoke.DirectMethodHandle$Holder.invokeSpecial(java.lang.Object, java.lang.Object, java.lang.Object, int, java.lang.Object)'> (0x0000000621c2d440) 
thrown [s\src\hotspot\share\interpreter\linkResolver.cpp, line 759]
Event: 0.886 Thread 0x000002e6b7a993b0 Exception <a 'java/lang/NoSuchMethodError'{0x0000000621c35c60}: 'java.lang.Object java.lang.invoke.DirectMethodHandle$Holder.newInvokeSpecial(java.lang.Object, java.lang.Object, java.lang.Object, int, java.lang.Object)'> (0x0000000621c35c60) 
thrown [s\src\hotspot\share\interpreter\linkResolver.cpp, line 759]
Event: 0.887 Thread 0x000002e6b7a993b0 Exception <a 'java/lang/NoSuchMethodError'{0x0000000621c4bcd8}: 'java.lang.Object java.lang.invoke.DirectMethodHandle$Holder.newInvokeSpecial(java.lang.Object, int, java.lang.Object)'> (0x0000000621c4bcd8) 
thrown [s\src\hotspot\share\interpreter\linkResolver.cpp, line 759]
Event: 0.887 Thread 0x000002e6b7a993b0 Exception <a 'java/lang/NoSuchMethodError'{0x0000000621c4fca8}: 'int java.lang.invoke.DirectMethodHandle$Holder.invokeSpecialIFC(java.lang.Object, java.lang.Object, java.lang.Object, java.lang.Object)'> (0x0000000621c4fca8) 
thrown [s\src\hotspot\share\interpreter\linkResolver.cpp, line 759]
Event: 0.904 Thread 0x000002e6b7a993b0 Exception <a 'java/lang/NoSuchMethodError'{0x0000000621d3e488}: 'void java.lang.invoke.DirectMethodHandle$Holder.invokeInterface(java.lang.Object, java.lang.Object, java.lang.Object)'> (0x0000000621d3e488) 
thrown [s\src\hotspot\share\interpreter\linkResolver.cpp, line 759]
Event: 0.923 Thread 0x000002e6b7a993b0 Exception <a 'java/lang/NoSuchMethodError'{0x0000000621ded558}: 'void java.lang.invoke.DirectMethodHandle$Holder.invokeStaticInit(java.lang.Object, java.lang.Object, java.lang.Object)'> (0x0000000621ded558) 
thrown [s\src\hotspot\share\interpreter\linkResolver.cpp, line 759]

VM Operations (20 events):
Event: 0.325 Executing VM operation: HandshakeAllThreads
Event: 0.325 Executing VM operation: HandshakeAllThreads done
Event: 0.377 Executing VM operation: HandshakeAllThreads
Event: 0.377 Executing VM operation: HandshakeAllThreads done
Event: 0.406 Executing VM operation: HandshakeAllThreads
Event: 0.406 Executing VM operation: HandshakeAllThreads done
Event: 0.447 Executing VM operation: HandshakeAllThreads
Event: 0.447 Executing VM operation: HandshakeAllThreads done
Event: 0.451 Executing VM operation: HandshakeAllThreads
Event: 0.451 Executing VM operation: HandshakeAllThreads done
Event: 0.580 Executing VM operation: ICBufferFull
Event: 0.580 Executing VM operation: ICBufferFull done
Event: 0.595 Executing VM operation: HandshakeAllThreads
Event: 0.595 Executing VM operation: HandshakeAllThreads done
Event: 0.636 Executing VM operation: G1CollectForAllocation
Event: 0.640 Executing VM operation: G1CollectForAllocation done
Event: 0.744 Executing VM operation: HandshakeAllThreads
Event: 0.744 Executing VM operation: HandshakeAllThreads done
Event: 0.872 Executing VM operation: HandshakeAllThreads
Event: 0.872 Executing VM operation: HandshakeAllThreads done

Events (20 events):
Event: 0.845 loading class java/util/stream/StreamSpliterators
Event: 0.845 loading class java/util/stream/StreamSpliterators done
Event: 0.845 loading class java/util/function/BooleanSupplier
Event: 0.845 loading class java/util/function/BooleanSupplier done
Event: 0.869 loading class java/net/URLClassLoader$2
Event: 0.869 loading class java/net/URLClassLoader$2 done
Event: 0.872 loading class java/io/LineNumberReader
Event: 0.872 loading class java/io/LineNumberReader done
Event: 0.873 loading class sun/net/ProgressMonitor
Event: 0.874 loading class sun/net/ProgressMonitor done
Event: 0.874 loading class sun/net/DefaultProgressMeteringPolicy
Event: 0.874 loading class sun/net/ProgressMeteringPolicy
Event: 0.874 loading class sun/net/ProgressMeteringPolicy done
Event: 0.874 loading class sun/net/DefaultProgressMeteringPolicy done
Event: 0.874 loading class sun/nio/cs/ISO_8859_1$Decoder
Event: 0.874 loading class sun/nio/cs/ISO_8859_1$Decoder done
Event: 0.879 loading class java/util/stream/MatchOps$1MatchSink
Event: 0.879 loading class java/util/stream/MatchOps$1MatchSink done
Event: 0.883 loading class sun/reflect/generics/scope/ConstructorScope
Event: 0.883 loading class sun/reflect/generics/scope/ConstructorScope done


Dynamic libraries:
0x00007ff7c4660000 - 0x00007ff7c466e000 	C:\Users\SENA\.vscode\extensions\redhat.java-1.31.0-win32-x64\jre\17.0.11-win32-x86_64\bin\java.exe
0x00007ffb82610000 - 0x00007ffb82808000 	C:\Windows\SYSTEM32\ntdll.dll
0x00007ffb81090000 - 0x00007ffb8114d000 	C:\Windows\System32\KERNEL32.DLL
0x00007ffb7fdb0000 - 0x00007ffb800a6000 	C:\Windows\System32\KERNELBASE.dll
0x00007ffb803e0000 - 0x00007ffb804e0000 	C:\Windows\System32\ucrtbase.dll
0x00007ffb6a630000 - 0x00007ffb6a647000 	C:\Users\SENA\.vscode\extensions\redhat.java-1.31.0-win32-x64\jre\17.0.11-win32-x86_64\bin\jli.dll
0x00007ffb6ca50000 - 0x00007ffb6ca6b000 	C:\Users\SENA\.vscode\extensions\redhat.java-1.31.0-win32-x64\jre\17.0.11-win32-x86_64\bin\VCRUNTIME140.dll
0x00007ffb80650000 - 0x00007ffb807ee000 	C:\Windows\System32\USER32.dll
0x00007ffb520b0000 - 0x00007ffb5234a000 	C:\Windows\WinSxS\amd64_microsoft.windows.common-controls_6595b64144ccf1df_6.0.19041.3636_none_60b6a03d71f818d5\COMCTL32.dll
0x00007ffb7fcc0000 - 0x00007ffb7fce2000 	C:\Windows\System32\win32u.dll
0x00007ffb81b20000 - 0x00007ffb81bbe000 	C:\Windows\System32\msvcrt.dll
0x00007ffb82310000 - 0x00007ffb8233b000 	C:\Windows\System32\GDI32.dll
0x00007ffb80150000 - 0x00007ffb80267000 	C:\Windows\System32\gdi32full.dll
0x00007ffb800b0000 - 0x00007ffb8014d000 	C:\Windows\System32\msvcp_win.dll
0x00007ffb81f10000 - 0x00007ffb81f42000 	C:\Windows\System32\IMM32.DLL
0x00007ffb6af50000 - 0x00007ffb6af5c000 	C:\Users\SENA\.vscode\extensions\redhat.java-1.31.0-win32-x64\jre\17.0.11-win32-x86_64\bin\vcruntime140_1.dll
0x00007ffb0ecc0000 - 0x00007ffb0ed4d000 	C:\Users\SENA\.vscode\extensions\redhat.java-1.31.0-win32-x64\jre\17.0.11-win32-x86_64\bin\msvcp140.dll
0x00007ffb0e050000 - 0x00007ffb0ecb2000 	C:\Users\SENA\.vscode\extensions\redhat.java-1.31.0-win32-x64\jre\17.0.11-win32-x86_64\bin\server\jvm.dll
0x00007ffb81e00000 - 0x00007ffb81eb0000 	C:\Windows\System32\ADVAPI32.dll
0x00007ffb81f50000 - 0x00007ffb81ff0000 	C:\Windows\System32\sechost.dll
0x00007ffb814b0000 - 0x00007ffb815d5000 	C:\Windows\System32\RPCRT4.dll
0x00007ffb7fcf0000 - 0x00007ffb7fd17000 	C:\Windows\System32\bcrypt.dll
0x00007ffb7fb20000 - 0x00007ffb7fb6b000 	C:\Windows\SYSTEM32\POWRPROF.dll
0x00007ffb60ba0000 - 0x00007ffb60ba9000 	C:\Windows\SYSTEM32\WSOCK32.dll
0x00007ffb640c0000 - 0x00007ffb640e7000 	C:\Windows\SYSTEM32\WINMM.dll
0x00007ffb78510000 - 0x00007ffb7851a000 	C:\Windows\SYSTEM32\VERSION.dll
0x00007ffb82120000 - 0x00007ffb8218b000 	C:\Windows\System32\WS2_32.dll
0x00007ffb7fb00000 - 0x00007ffb7fb12000 	C:\Windows\SYSTEM32\UMPDC.dll
0x00007ffb7db50000 - 0x00007ffb7db62000 	C:\Windows\SYSTEM32\kernel.appcore.dll
0x00007ffb6af20000 - 0x00007ffb6af2a000 	C:\Users\SENA\.vscode\extensions\redhat.java-1.31.0-win32-x64\jre\17.0.11-win32-x86_64\bin\jimage.dll
0x00007ffb64960000 - 0x00007ffb64b44000 	C:\Windows\SYSTEM32\DBGHELP.DLL
0x00007ffb61c00000 - 0x00007ffb61c34000 	C:\Windows\SYSTEM32\dbgcore.DLL
0x00007ffb7fd20000 - 0x00007ffb7fda2000 	C:\Windows\System32\bcryptPrimitives.dll
0x00007ffb0efd0000 - 0x00007ffb0eff5000 	C:\Users\SENA\.vscode\extensions\redhat.java-1.31.0-win32-x64\jre\17.0.11-win32-x86_64\bin\java.dll
0x00007ffb48530000 - 0x00007ffb48548000 	C:\Users\SENA\.vscode\extensions\redhat.java-1.31.0-win32-x64\jre\17.0.11-win32-x86_64\bin\zip.dll
0x00007ffb80920000 - 0x00007ffb8108b000 	C:\Windows\System32\SHELL32.dll
0x00007ffb7dd50000 - 0x00007ffb7e4ee000 	C:\Windows\SYSTEM32\windows.storage.dll
0x00007ffb81150000 - 0x00007ffb814a3000 	C:\Windows\System32\combase.dll
0x00007ffb7f540000 - 0x00007ffb7f56e000 	C:\Windows\SYSTEM32\Wldp.dll
0x00007ffb82050000 - 0x00007ffb8211d000 	C:\Windows\System32\OLEAUT32.dll
0x00007ffb81c20000 - 0x00007ffb81ccd000 	C:\Windows\System32\SHCORE.dll
0x00007ffb821a0000 - 0x00007ffb821f5000 	C:\Windows\System32\shlwapi.dll
0x00007ffb7fbf0000 - 0x00007ffb7fc15000 	C:\Windows\SYSTEM32\profapi.dll
0x00007ffb43dc0000 - 0x00007ffb43dd9000 	C:\Users\SENA\.vscode\extensions\redhat.java-1.31.0-win32-x64\jre\17.0.11-win32-x86_64\bin\net.dll
0x00007ffb78560000 - 0x00007ffb7866a000 	C:\Windows\SYSTEM32\WINHTTP.dll
0x00007ffb7f320000 - 0x00007ffb7f38a000 	C:\Windows\system32\mswsock.dll
0x00007ffb1d750000 - 0x00007ffb1d766000 	C:\Users\SENA\.vscode\extensions\redhat.java-1.31.0-win32-x64\jre\17.0.11-win32-x86_64\bin\nio.dll
0x00007ffb6e830000 - 0x00007ffb6e839000 	C:\Users\SENA\.vscode\extensions\redhat.java-1.31.0-win32-x64\jre\17.0.11-win32-x86_64\bin\management.dll
0x00007ffb6e820000 - 0x00007ffb6e82b000 	C:\Users\SENA\.vscode\extensions\redhat.java-1.31.0-win32-x64\jre\17.0.11-win32-x86_64\bin\management_ext.dll
0x00007ffb82190000 - 0x00007ffb82198000 	C:\Windows\System32\PSAPI.DLL
0x00007ffb52030000 - 0x00007ffb52047000 	C:\Windows\system32\napinsp.dll
0x00007ffb52010000 - 0x00007ffb5202b000 	C:\Windows\system32\pnrpnsp.dll
0x00007ffb7a890000 - 0x00007ffb7a8a5000 	C:\Windows\system32\wshbth.dll
0x00007ffb7b630000 - 0x00007ffb7b64d000 	C:\Windows\system32\NLAapi.dll
0x00007ffb7f030000 - 0x00007ffb7f06b000 	C:\Windows\SYSTEM32\IPHLPAPI.DLL
0x00007ffb7f070000 - 0x00007ffb7f13b000 	C:\Windows\SYSTEM32\DNSAPI.dll
0x00007ffb80640000 - 0x00007ffb80648000 	C:\Windows\System32\NSI.dll
0x00007ffb51ff0000 - 0x00007ffb52002000 	C:\Windows\System32\winrnr.dll
0x00007ffb78a90000 - 0x00007ffb78a9a000 	C:\Windows\System32\rasadhlp.dll
0x00007ffb73350000 - 0x00007ffb733d0000 	C:\Windows\System32\fwpuclnt.dll
0x00007ffb7f580000 - 0x00007ffb7f598000 	C:\Windows\SYSTEM32\CRYPTSP.dll
0x00007ffb7ec70000 - 0x00007ffb7eca4000 	C:\Windows\system32\rsaenh.dll
0x00007ffb7fb70000 - 0x00007ffb7fb9e000 	C:\Windows\SYSTEM32\USERENV.dll
0x00007ffb7f4b0000 - 0x00007ffb7f4bc000 	C:\Windows\SYSTEM32\CRYPTBASE.dll
0x00007ffb79ad0000 - 0x00007ffb79ae7000 	C:\Windows\SYSTEM32\dhcpcsvc6.DLL
0x00007ffb79ab0000 - 0x00007ffb79acd000 	C:\Windows\SYSTEM32\dhcpcsvc.DLL
0x00007ffb68f60000 - 0x00007ffb68f69000 	C:\Users\SENA\.vscode\extensions\redhat.java-1.31.0-win32-x64\jre\17.0.11-win32-x86_64\bin\extnet.dll

dbghelp: loaded successfully - version: 4.0.5 - missing functions: none
symbol engine: initialized successfully - sym options: 0x614 - pdb path: .;C:\Users\SENA\.vscode\extensions\redhat.java-1.31.0-win32-x64\jre\17.0.11-win32-x86_64\bin;C:\Windows\SYSTEM32;C:\Windows\WinSxS\amd64_microsoft.windows.common-controls_6595b64144ccf1df_6.0.19041.3636_none_60b6a03d71f818d5;C:\Users\SENA\.vscode\extensions\redhat.java-1.31.0-win32-x64\jre\17.0.11-win32-x86_64\bin\server

VM Arguments:
jvm_args: -XX:+ShowCodeDetailsInExceptionMessages -Dspring.jmx.enabled=true -Dmanagement.endpoints.jmx.exposure.include=* -Dspring.application.admin.enabled=true -Dspring.boot.project.name=ByteMart -Djava.rmi.server.hostname=localhost -Dcom.sun.management.jmxremote.port=45556 -Dcom.sun.management.jmxremote.authenticate=false -Dcom.sun.management.jmxremote.ssl=false 
java_command: com.ByteMart.ByteMart.ByteMartApplication
java_class_path (initial): E:\prueba 2\ByteMart\target\classes;C:\Users\SENA\.m2\repository\org\springframework\boot\spring-boot-starter\3.3.0\spring-boot-starter-3.3.0.jar;C:\Users\SENA\.m2\repository\org\springframework\boot\spring-boot\3.3.0\spring-boot-3.3.0.jar;C:\Users\SENA\.m2\repository\org\springframework\spring-context\6.1.8\spring-context-6.1.8.jar;C:\Users\SENA\.m2\repository\org\springframework\boot\spring-boot-autoconfigure\3.3.0\spring-boot-autoconfigure-3.3.0.jar;C:\Users\SENA\.m2\repository\org\springframework\boot\spring-boot-starter-logging\3.3.0\spring-boot-starter-logging-3.3.0.jar;C:\Users\SENA\.m2\repository\ch\qos\logback\logback-classic\1.5.6\logback-classic-1.5.6.jar;C:\Users\SENA\.m2\repository\ch\qos\logback\logback-core\1.5.6\logback-core-1.5.6.jar;C:\Users\SENA\.m2\repository\org\apache\logging\log4j\log4j-to-slf4j\2.23.1\log4j-to-slf4j-2.23.1.jar;C:\Users\SENA\.m2\repository\org\apache\logging\log4j\log4j-api\2.23.1\log4j-api-2.23.1.jar;C:\Users\SENA\.m2\repository\org\slf4j\jul-to-slf4j\2.0.13\jul-to-slf4j-2.0.13.jar;C:\Users\SENA\.m2\repository\jakarta\annotation\jakarta.annotation-api\2.1.1\jakarta.annotation-api-2.1.1.jar;C:\Users\SENA\.m2\repository\org\springframework\spring-core\6.1.8\spring-core-6.1.8.jar;C:\Users\SENA\.m2\repository\org\springframework\spring-jcl\6.1.8\spring-jcl-6.1.8.jar;C:\Users\SENA\.m2\repository\org\yaml\snakeyaml\2.2\snakeyaml-2.2.jar;C:\Users\SENA\.m2\repository\org\slf4j\slf4j-api\2.0.13\slf4j-api-2.0.13.jar;C:\Users\SENA\.m2\repository\jakarta\xml\bind\jakarta.xml.bind-api\4.0.2\jakarta.xml.bind-api-4.0.2.jar;C:\Users\SENA\.m2\repository\jakarta\activation\jakarta.activation-api\2.1.3\jakarta.activation-api-2.1.3.jar;C:\Users\SENA\.m2\repository\net\bytebuddy\byte-buddy\1.14.16\byte-buddy-1.14.16.jar;C:\Users\SENA\.m2\repository\org\springframework\boot\spring-boot-starter-actuator\3.3.0\spring-boot-starter-actuator-3.3.0.jar;C:\Users\SENA\.m2\repository\org\springframework\boot\spring-boot-actuato
Launcher Type: SUN_STANDARD

[Global flags]
     intx CICompilerCount                          = 4                                         {product} {ergonomic}
     uint ConcGCThreads                            = 2                                         {product} {ergonomic}
     uint G1ConcRefinementThreads                  = 8                                         {product} {ergonomic}
   size_t G1HeapRegionSize                         = 4194304                                   {product} {ergonomic}
    uintx GCDrainStackTargetSize                   = 64                                        {product} {ergonomic}
   size_t InitialHeapSize                          = 536870912                                 {product} {ergonomic}
     bool ManagementServer                         = true                                      {product} {command line}
   size_t MarkStackSize                            = 4194304                                   {product} {ergonomic}
   size_t MaxHeapSize                              = 8539602944                                {product} {ergonomic}
   size_t MaxNewSize                               = 5121245184                                {product} {ergonomic}
   size_t MinHeapDeltaBytes                        = 4194304                                   {product} {ergonomic}
   size_t MinHeapSize                              = 8388608                                   {product} {ergonomic}
    uintx NonNMethodCodeHeapSize                   = 5839372                                {pd product} {ergonomic}
    uintx NonProfiledCodeHeapSize                  = 122909434                              {pd product} {ergonomic}
    uintx ProfiledCodeHeapSize                     = 122909434                              {pd product} {ergonomic}
    uintx ReservedCodeCacheSize                    = 251658240                              {pd product} {ergonomic}
     bool SegmentedCodeCache                       = true                                      {product} {ergonomic}
     bool ShowCodeDetailsInExceptionMessages       = true                                   {manageable} {command line}
   size_t SoftMaxHeapSize                          = 8539602944                             {manageable} {ergonomic}
     bool UseCompressedClassPointers               = true                           {product lp64_product} {ergonomic}
     bool UseCompressedOops                        = true                           {product lp64_product} {ergonomic}
     bool UseG1GC                                  = true                                      {product} {ergonomic}
     bool UseLargePagesIndividualAllocation        = false                                  {pd product} {ergonomic}

Logging:
Log output configuration:
 #0: stdout all=warning uptime,level,tags
 #1: stderr all=off uptime,level,tags

Environment Variables:
JAVA_HOME=C:\Program Files\Java\jdk-17
PATH=C:\Program Files\Common Files\Oracle\Java\javapath;C:\Program Files\Java\jdk-17\bin.;C:\Program Files (x86)\Common Files\Oracle\Java\javapath;C:\ProgramData\Oracle\Java\javapath;C:\Windows\system32;C:\Windows;C:\Windows\System32\Wbem;C:\Windows\System32\WindowsPowerShell\v1.0\;C:\Windows\System32\OpenSSH\;C:\Program Files\Microsoft SQL Server\Client SDK\ODBC\170\Tools\Binn\;C:\Program Files (x86)\Microsoft SQL Server\150\Tools\Binn\;C:\Program Files\Microsoft SQL Server\150\Tools\Binn\;C:\Program Files\Microsoft SQL Server\150\DTS\Binn\;C:\Program Files (x86)\Microsoft SQL Server\150\DTS\Binn\;C:\Program Files\Azure Data Studio\bin;C:\Program Files\dotnet\;C:\Program Files\Git\cmd;C:\SQLite;C:\Program Files\nodejs\;C:\xampp\php;C:\ProgramData\ComposerSetup\bin;C:\Program Files\Latino\bin;C:\Program Files\Latino\lib;C:\maven\bin;C:\Program Files\Microsoft VS Code\bin;D:\sqlite-tools-win-x64-3450000;;C:\Program Files\Docker\Docker\resources\bin;C:\Users\SENA\AppData\Local\Programs\Python\Python312\Scripts\;C:\Users\SENA\AppData\Local\Programs\Python\Python312\;C:\Users\SENA\AppData\Local\Microsoft\WindowsApps;
USERNAME=SENA
LANG=en_US.UTF-8
OS=Windows_NT
PROCESSOR_IDENTIFIER=Intel64 Family 6 Model 158 Stepping 13, GenuineIntel
TMP=C:\Users\SENA\AppData\Local\Temp
TEMP=C:\Users\SENA\AppData\Local\Temp



Periodic native trim disabled


---------------  S Y S T E M  ---------------

OS:
 Windows 10 , 64 bit Build 19041 (10.0.19041.3636)
OS uptime: 3 days 19:57 hours
Hyper-V role detected

CPU: total 8 (initial active 8) (8 cores per cpu, 1 threads per core) family 6 model 158 stepping 13 microcode 0xfa, cx8, cmov, fxsr, mmx, 3dnowpref, sse, sse2, sse3, ssse3, sse4.1, sse4.2, popcnt, lzcnt, tsc, tscinvbit, avx, avx2, aes, erms, clmul, bmi1, bmi2, adx, fma, vzeroupper, clflush, clflushopt, hv
Processor Information for all 8 processors :
  Max Mhz: 3000, Current Mhz: 3000, Mhz Limit: 3000

Memory: 4k page, system-wide physical 32565M (825M free)
TotalPageFile size 88729M (AvailPageFile size 6M)
current process WorkingSet (physical memory assigned to process): 109M, peak: 109M
current process commit charge ("private bytes"): 640M, peak: 640M

vm_info: OpenJDK 64-Bit Server VM (17.0.11+9) for windows-amd64 JRE (17.0.11+9), built on Apr 17 2024 06:07:48 by "admin" with MS VC++ 16.10 / 16.11 (VS2019)

END.
